{"synthetic": false,
 "schemaVersion": "2025-09-10",
 "outputs":
 {"o": ["29ca1a77d1dc9fab.olean"],
  "m": false,
  "i": "9179a0e13d2fdfdd.ilean",
  "c": "c5f83635f6367c01.c"},
 "log":
 [{"message":
   ".> LEAN_PATH=/var/data/bootstrap/lean/.lake/build/lib/lean /home/null/.elan/toolchains/leanprover--lean4---v4.30.0/bin/lean /var/data/bootstrap/lean/Hex0/Spec.lean -o /var/data/bootstrap/lean/.lake/build/lib/lean/Hex0/Spec.olean -i /var/data/bootstrap/lean/.lake/build/lib/lean/Hex0/Spec.ilean -c /var/data/bootstrap/lean/.lake/build/ir/Hex0/Spec.c --setup /var/data/bootstrap/lean/.lake/build/ir/Hex0/Spec.setup.json --json",
   "level": "trace"}],
 "inputs":
 [["Hex0.Spec:deps",
   [["deps",
     [["hex0/Hex0:extraDep", [["@hex0:extraDep", "00000000000006bb"]]],
      ["imports", "00000000000006bb"]]],
    ["libs",
     [["import dynlibs", "00000000000006bb"],
      ["package external libraries", "00000000000006bb"],
      ["module dynlibs", "00000000000006bb"],
      ["module plugins", "00000000000006bb"]]]]],
  ["Lean 4.30.0, commit d024af099ca4bf2c86f649261ebf59565dc8c622",
   "2f4703bb19086252"],
  ["/var/data/bootstrap/lean/Hex0/Spec.lean", "f4195438ace50d88"],
  ["options", "00000000000006bb"],
  ["isModule: false", "feefd2a0d3a1847e"],
  ["Module.name: Hex0.Spec", "2684a19da25eabfe"],
  ["Package.id?: (some hex0)", "42ff094177d776c5"],
  ["Module.leanArgs: #[]", "00000000000006bb"]],
 "depHash": "59ba859aef508cc6"}